<?xml version="1.0" encoding="UTF-8"?>
<testsuite xmlns:xsi="http://www.w3.org/2001/XMLSchema-instance" xsi:noNamespaceSchemaLocation="https://maven.apache.org/surefire/maven-surefire-plugin/xsd/surefire-test-report-3.0.xsd" version="3.0" name="com.smartcampus.DiscoveryApiTest" time="1.666" tests="5" errors="0" skipped="0" failures="0">
  <properties>
[...]
</properties>
  <testcase name="discoveryEndpoint_returnsExpectedApiMetadata" classname="com.smartcampus.DiscoveryApiTest" time="1.196">
    <system-err><![CDATA[Mar 21, 2026 3:41:36 PM org.glassfish.jersey.server.wadl.WadlFeature configure
WARNING: JAXBContext implementation could not be found. WADL feature is disabled.
Mar 21, 2026 3:41:36 PM org.glassfish.grizzly.http.server.NetworkListener start
INFO: Started listener bound to [localhost:8081]
Mar 21, 2026 3:41:36 PM org.glassfish.grizzly.http.server.HttpServer start
INFO: [HttpServer-1] Started.
]]></system-err>
  </testcase>
  <testcase name="discoveryEndpoint_returnsRoomsAndSensorsResourceMap" classname="com.smartcampus.DiscoveryApiTest" time="0.043"/>
  <testcase name="discoveryEndpoint_returns200AndJson" classname="com.smartcampus.DiscoveryApiTest" time="0.029"/>
  <testcase name="discoveryEndpoint_returnsNonEmptyMetadataObject" classname="com.smartcampus.DiscoveryApiTest" time="0.079"/>
  <testcase name="unsupportedPathUnderApiVersion_returns404" classname="com.smartcampus.DiscoveryApiTest" time="0.028"/>
</testsuite>